d:\downloads\palemoonpreloader_src\palemoonpreloader\release\palemoonpreloader.pch
d:\downloads\palemoonpreloader_src\palemoonpreloader\release\vc120.pdb
d:\downloads\palemoonpreloader_src\palemoonpreloader\release\stdafx.obj
d:\downloads\palemoonpreloader_src\palemoonpreloader\release\processes.obj
d:\downloads\palemoonpreloader_src\palemoonpreloader\release\optionsdlg.obj
d:\downloads\palemoonpreloader_src\palemoonpreloader\release\helpers.obj
d:\downloads\palemoonpreloader_src\palemoonpreloader\release\palemoonpreloader.obj
d:\downloads\palemoonpreloader_src\palemoonpreloader\release\fileversioninfo.obj
d:\downloads\palemoonpreloader_src\palemoonpreloader\release\defaultdlg.obj
d:\downloads\palemoonpreloader_src\palemoonpreloader\release\aboutdlg.obj
d:\downloads\palemoonpreloader_src\palemoonpreloader\release\palemoonpreloader.dll
d:\downloads\palemoonpreloader_src\palemoonpreloader\release\palemoonpreloader.lib
d:\downloads\palemoonpreloader_src\palemoonpreloader\release\palemoonpreloader.exp
d:\downloads\palemoonpreloader_src\palemoonpreloader\release\palemoonpreloader.res
d:\downloads\palemoonpreloader_src\palemoonpreloader\.\release\palemoonpreloader.dll
d:\downloads\palemoonpreloader_src\palemoonpreloader\release\palemoon.173c7bc7.tlog\cl.command.1.tlog
d:\downloads\palemoonpreloader_src\palemoonpreloader\release\palemoon.173c7bc7.tlog\cl.read.1.tlog
d:\downloads\palemoonpreloader_src\palemoonpreloader\release\palemoon.173c7bc7.tlog\cl.write.1.tlog
d:\downloads\palemoonpreloader_src\palemoonpreloader\release\palemoon.173c7bc7.tlog\link.command.1.tlog
d:\downloads\palemoonpreloader_src\palemoonpreloader\release\palemoon.173c7bc7.tlog\link.read.1.tlog
d:\downloads\palemoonpreloader_src\palemoonpreloader\release\palemoon.173c7bc7.tlog\link.write.1.tlog
d:\downloads\palemoonpreloader_src\palemoonpreloader\release\palemoon.173c7bc7.tlog\palemoonpreloader.write.1u.tlog
d:\downloads\palemoonpreloader_src\palemoonpreloader\release\palemoon.173c7bc7.tlog\rc.command.1.tlog
d:\downloads\palemoonpreloader_src\palemoonpreloader\release\palemoon.173c7bc7.tlog\rc.read.1.tlog
d:\downloads\palemoonpreloader_src\palemoonpreloader\release\palemoon.173c7bc7.tlog\rc.write.1.tlog
